2023-07-22 19:19:37  WARN [HikariPool-1 housekeeper] com.zaxxer.hikari.pool.HikariPool [run] - HikariPool-1 - Thread starvation or clock leap detected (housekeeper delta=34m12s601ms478µs100ns).
2023-07-22 19:27:19  INFO [restartedMain] com.infosys.InfyGO.InfyGoApplication [logStarting] - Starting InfyGoApplication using Java 17.0.7 on Aquib with PID 20372 (C:\Users\aquib\OneDrive\Desktop\project\InfyGO\InfyGO backend\target\classes started by aquib in C:\Users\aquib\OneDrive\Desktop\project\InfyGO\InfyGO backend)
2023-07-22 19:27:19  INFO [restartedMain] com.infosys.InfyGO.InfyGoApplication [logStartupProfileInfo] - No active profile set, falling back to 1 default profile: "default"
2023-07-22 19:27:19  INFO [restartedMain] org.springframework.boot.devtools.env.DevToolsPropertyDefaultsPostProcessor [logTo] - Devtools property defaults active! Set 'spring.devtools.add-properties' to 'false' to disable
2023-07-22 19:27:19  INFO [restartedMain] org.springframework.boot.devtools.env.DevToolsPropertyDefaultsPostProcessor [logTo] - For additional web related logging consider setting the 'logging.level.web' property to 'DEBUG'
2023-07-22 19:27:20  INFO [restartedMain] org.springframework.data.repository.config.RepositoryConfigurationDelegate [registerRepositoriesIn] - Bootstrapping Spring Data JPA repositories in DEFAULT mode.
2023-07-22 19:27:21  INFO [restartedMain] org.springframework.data.repository.config.RepositoryConfigurationDelegate [registerRepositoriesIn] - Finished Spring Data repository scanning in 100 ms. Found 2 JPA repository interfaces.
2023-07-22 19:27:22  INFO [restartedMain] org.springframework.boot.web.embedded.tomcat.TomcatWebServer [initialize] - Tomcat initialized with port(s): 8080 (http)
2023-07-22 19:27:22  INFO [restartedMain] org.apache.catalina.core.StandardService [log] - Starting service [Tomcat]
2023-07-22 19:27:22  INFO [restartedMain] org.apache.catalina.core.StandardEngine [log] - Starting Servlet engine: [Apache Tomcat/9.0.76]
2023-07-22 19:27:22  INFO [restartedMain] org.apache.catalina.core.ContainerBase.[Tomcat].[localhost].[/] [log] - Initializing Spring embedded WebApplicationContext
2023-07-22 19:27:22  INFO [restartedMain] org.springframework.boot.web.servlet.context.ServletWebServerApplicationContext [prepareWebApplicationContext] - Root WebApplicationContext: initialization completed in 2961 ms
2023-07-22 19:27:22  INFO [restartedMain] com.zaxxer.hikari.HikariDataSource [getConnection] - HikariPool-1 - Starting...
2023-07-22 19:27:23  INFO [restartedMain] com.zaxxer.hikari.HikariDataSource [getConnection] - HikariPool-1 - Start completed.
2023-07-22 19:27:23  INFO [restartedMain] org.hibernate.jpa.internal.util.LogHelper [logPersistenceUnitInformation] - HHH000204: Processing PersistenceUnitInfo [name: default]
2023-07-22 19:27:23  INFO [restartedMain] org.hibernate.Version [logVersion] - HHH000412: Hibernate ORM core version 5.6.15.Final
2023-07-22 19:27:23  INFO [restartedMain] org.hibernate.annotations.common.Version [<clinit>] - HCANN000001: Hibernate Commons Annotations {5.1.2.Final}
2023-07-22 19:27:24  INFO [restartedMain] org.hibernate.dialect.Dialect [<init>] - HHH000400: Using dialect: org.hibernate.dialect.MySQL8Dialect
2023-07-22 19:27:24  INFO [restartedMain] org.hibernate.engine.transaction.jta.platform.internal.JtaPlatformInitiator [initiateService] - HHH000490: Using JtaPlatform implementation: [org.hibernate.engine.transaction.jta.platform.internal.NoJtaPlatform]
2023-07-22 19:27:24  INFO [restartedMain] org.springframework.orm.jpa.LocalContainerEntityManagerFactoryBean [buildNativeEntityManagerFactory] - Initialized JPA EntityManagerFactory for persistence unit 'default'
2023-07-22 19:27:25  INFO [restartedMain] org.springframework.security.web.DefaultSecurityFilterChain [<init>] - Will secure any request with [org.springframework.security.web.session.DisableEncodeUrlFilter@51213b06, org.springframework.security.web.context.request.async.WebAsyncManagerIntegrationFilter@2e0df53f, org.springframework.security.web.context.SecurityContextPersistenceFilter@4145739, org.springframework.security.web.header.HeaderWriterFilter@23b83e62, org.springframework.security.web.csrf.CsrfFilter@eae560f, org.springframework.security.web.authentication.logout.LogoutFilter@43d204d1, com.infosys.InfyGO.config.JwtTokenFilter@35f841d2, org.springframework.security.web.savedrequest.RequestCacheAwareFilter@5cc350, org.springframework.security.web.servletapi.SecurityContextHolderAwareRequestFilter@3a1da544, org.springframework.security.web.authentication.AnonymousAuthenticationFilter@796b911b, org.springframework.security.web.session.SessionManagementFilter@745e2b24, org.springframework.security.web.access.ExceptionTranslationFilter@3d15fe6c, org.springframework.security.web.access.intercept.FilterSecurityInterceptor@23e07e1f]
2023-07-22 19:27:25  WARN [restartedMain] org.springframework.boot.autoconfigure.orm.jpa.JpaBaseConfiguration$JpaWebConfiguration [openEntityManagerInViewInterceptor] - spring.jpa.open-in-view is enabled by default. Therefore, database queries may be performed during view rendering. Explicitly configure spring.jpa.open-in-view to disable this warning
2023-07-22 19:27:26  INFO [restartedMain] org.springframework.boot.devtools.autoconfigure.OptionalLiveReloadServer [startServer] - LiveReload server is running on port 35729
2023-07-22 19:27:26  INFO [restartedMain] org.springframework.boot.web.embedded.tomcat.TomcatWebServer [start] - Tomcat started on port(s): 8080 (http) with context path ''
2023-07-22 19:27:26  INFO [restartedMain] com.infosys.InfyGO.InfyGoApplication [logStarted] - Started InfyGoApplication in 7.845 seconds (JVM running for 9.346)
2023-07-22 19:27:32  INFO [http-nio-8080-exec-1] org.apache.catalina.core.ContainerBase.[Tomcat].[localhost].[/] [log] - Initializing Spring DispatcherServlet 'dispatcherServlet'
2023-07-22 19:27:32  INFO [http-nio-8080-exec-1] org.springframework.web.servlet.DispatcherServlet [initServletBean] - Initializing Servlet 'dispatcherServlet'
2023-07-22 19:27:32  INFO [http-nio-8080-exec-1] org.springframework.web.servlet.DispatcherServlet [initServletBean] - Completed initialization in 3 ms
2023-07-22 19:29:25  INFO [File Watcher] org.springframework.boot.devtools.autoconfigure.LocalDevToolsAutoConfiguration$RestartingClassPathChangeChangedEventListener [onApplicationEvent] - Restarting due to 2 class path changes (0 additions, 0 deletions, 2 modifications)
2023-07-22 19:29:25  INFO [Thread-5] org.apache.catalina.core.StandardService [log] - Stopping service [Tomcat]
2023-07-22 19:29:25  INFO [Thread-5] org.apache.catalina.core.ContainerBase.[Tomcat].[localhost].[/] [log] - Destroying Spring FrameworkServlet 'dispatcherServlet'
2023-07-22 19:29:25  INFO [Thread-5] org.springframework.orm.jpa.LocalContainerEntityManagerFactoryBean [destroy] - Closing JPA EntityManagerFactory for persistence unit 'default'
2023-07-22 19:29:25  INFO [Thread-5] com.zaxxer.hikari.HikariDataSource [close] - HikariPool-1 - Shutdown initiated...
2023-07-22 19:29:25  INFO [Thread-5] com.zaxxer.hikari.HikariDataSource [close] - HikariPool-1 - Shutdown completed.
2023-07-22 19:29:25  INFO [restartedMain] com.infosys.InfyGO.InfyGoApplication [logStarting] - Starting InfyGoApplication using Java 17.0.7 on Aquib with PID 20372 (C:\Users\aquib\OneDrive\Desktop\project\InfyGO\InfyGO backend\target\classes started by aquib in C:\Users\aquib\OneDrive\Desktop\project\InfyGO\InfyGO backend)
2023-07-22 19:29:25  INFO [restartedMain] com.infosys.InfyGO.InfyGoApplication [logStartupProfileInfo] - No active profile set, falling back to 1 default profile: "default"
2023-07-22 19:29:25  INFO [restartedMain] org.springframework.data.repository.config.RepositoryConfigurationDelegate [registerRepositoriesIn] - Bootstrapping Spring Data JPA repositories in DEFAULT mode.
2023-07-22 19:29:25  INFO [restartedMain] org.springframework.data.repository.config.RepositoryConfigurationDelegate [registerRepositoriesIn] - Finished Spring Data repository scanning in 33 ms. Found 2 JPA repository interfaces.
2023-07-22 19:29:26  INFO [restartedMain] org.springframework.boot.web.embedded.tomcat.TomcatWebServer [initialize] - Tomcat initialized with port(s): 8080 (http)
2023-07-22 19:29:26  INFO [restartedMain] org.apache.catalina.core.StandardService [log] - Starting service [Tomcat]
2023-07-22 19:29:26  INFO [restartedMain] org.apache.catalina.core.StandardEngine [log] - Starting Servlet engine: [Apache Tomcat/9.0.76]
2023-07-22 19:29:26  INFO [restartedMain] org.apache.catalina.core.ContainerBase.[Tomcat].[localhost].[/] [log] - Initializing Spring embedded WebApplicationContext
2023-07-22 19:29:26  INFO [restartedMain] org.springframework.boot.web.servlet.context.ServletWebServerApplicationContext [prepareWebApplicationContext] - Root WebApplicationContext: initialization completed in 1171 ms
2023-07-22 19:29:27  INFO [restartedMain] com.zaxxer.hikari.HikariDataSource [getConnection] - HikariPool-2 - Starting...
2023-07-22 19:29:27  INFO [restartedMain] com.zaxxer.hikari.HikariDataSource [getConnection] - HikariPool-2 - Start completed.
2023-07-22 19:29:27  INFO [restartedMain] org.hibernate.jpa.internal.util.LogHelper [logPersistenceUnitInformation] - HHH000204: Processing PersistenceUnitInfo [name: default]
2023-07-22 19:29:27  INFO [restartedMain] org.hibernate.dialect.Dialect [<init>] - HHH000400: Using dialect: org.hibernate.dialect.MySQL8Dialect
2023-07-22 19:29:27  INFO [restartedMain] org.hibernate.engine.transaction.jta.platform.internal.JtaPlatformInitiator [initiateService] - HHH000490: Using JtaPlatform implementation: [org.hibernate.engine.transaction.jta.platform.internal.NoJtaPlatform]
2023-07-22 19:29:27  INFO [restartedMain] org.springframework.orm.jpa.LocalContainerEntityManagerFactoryBean [buildNativeEntityManagerFactory] - Initialized JPA EntityManagerFactory for persistence unit 'default'
2023-07-22 19:29:27  INFO [restartedMain] org.springframework.security.web.DefaultSecurityFilterChain [<init>] - Will secure any request with [org.springframework.security.web.session.DisableEncodeUrlFilter@592f1cf2, org.springframework.security.web.context.request.async.WebAsyncManagerIntegrationFilter@4d9e2d08, org.springframework.security.web.context.SecurityContextPersistenceFilter@739f7009, org.springframework.security.web.header.HeaderWriterFilter@47cfc680, org.springframework.security.web.authentication.logout.LogoutFilter@278e60cc, com.infosys.InfyGO.config.JwtTokenFilter@4768ca7f, org.springframework.security.web.savedrequest.RequestCacheAwareFilter@4a5b064d, org.springframework.security.web.servletapi.SecurityContextHolderAwareRequestFilter@73193240, org.springframework.security.web.authentication.AnonymousAuthenticationFilter@18ca467c, org.springframework.security.web.session.SessionManagementFilter@39332d57, org.springframework.security.web.access.ExceptionTranslationFilter@395015b2, org.springframework.security.web.access.intercept.FilterSecurityInterceptor@58807d4c]
2023-07-22 19:29:27  WARN [restartedMain] org.springframework.boot.autoconfigure.orm.jpa.JpaBaseConfiguration$JpaWebConfiguration [openEntityManagerInViewInterceptor] - spring.jpa.open-in-view is enabled by default. Therefore, database queries may be performed during view rendering. Explicitly configure spring.jpa.open-in-view to disable this warning
2023-07-22 19:29:27  INFO [restartedMain] org.springframework.boot.devtools.autoconfigure.OptionalLiveReloadServer [startServer] - LiveReload server is running on port 35729
2023-07-22 19:29:28  INFO [restartedMain] org.springframework.boot.web.embedded.tomcat.TomcatWebServer [start] - Tomcat started on port(s): 8080 (http) with context path ''
2023-07-22 19:29:28  INFO [restartedMain] com.infosys.InfyGO.InfyGoApplication [logStarted] - Started InfyGoApplication in 2.671 seconds (JVM running for 131.138)
2023-07-22 19:29:28  INFO [restartedMain] org.springframework.boot.devtools.autoconfigure.ConditionEvaluationDeltaLoggingListener [onApplicationEvent] - Condition evaluation unchanged
2023-07-22 19:29:30  INFO [File Watcher] org.springframework.boot.devtools.autoconfigure.LocalDevToolsAutoConfiguration$RestartingClassPathChangeChangedEventListener [onApplicationEvent] - Restarting due to 46 class path changes (0 additions, 4 deletions, 42 modifications)
2023-07-22 19:29:30  INFO [Thread-7] org.apache.catalina.core.StandardService [log] - Stopping service [Tomcat]
2023-07-22 19:29:30  INFO [Thread-7] org.springframework.orm.jpa.LocalContainerEntityManagerFactoryBean [destroy] - Closing JPA EntityManagerFactory for persistence unit 'default'
2023-07-22 19:29:30  INFO [Thread-7] com.zaxxer.hikari.HikariDataSource [close] - HikariPool-2 - Shutdown initiated...
2023-07-22 19:29:30  INFO [Thread-7] com.zaxxer.hikari.HikariDataSource [close] - HikariPool-2 - Shutdown completed.
2023-07-22 19:29:30  INFO [restartedMain] com.infosys.InfyGO.InfyGoApplication [logStarting] - Starting InfyGoApplication using Java 17.0.7 on Aquib with PID 20372 (C:\Users\aquib\OneDrive\Desktop\project\InfyGO\InfyGO backend\target\classes started by aquib in C:\Users\aquib\OneDrive\Desktop\project\InfyGO\InfyGO backend)
2023-07-22 19:29:30  INFO [restartedMain] com.infosys.InfyGO.InfyGoApplication [logStartupProfileInfo] - No active profile set, falling back to 1 default profile: "default"
2023-07-22 19:29:31 ERROR [restartedMain] org.springframework.boot.SpringApplication [reportFailure] - Application run failed
java.lang.IllegalStateException: Error processing condition on org.springframework.boot.autoconfigure.context.PropertyPlaceholderAutoConfiguration.propertySourcesPlaceholderConfigurer
	at org.springframework.boot.autoconfigure.condition.SpringBootCondition.matches(SpringBootCondition.java:60) ~[spring-boot-autoconfigure-2.7.13.jar:2.7.13]
	at org.springframework.context.annotation.ConditionEvaluator.shouldSkip(ConditionEvaluator.java:108) ~[spring-context-5.3.28.jar:5.3.28]
	at org.springframework.context.annotation.ConfigurationClassBeanDefinitionReader.loadBeanDefinitionsForBeanMethod(ConfigurationClassBeanDefinitionReader.java:193) ~[spring-context-5.3.28.jar:5.3.28]
	at org.springframework.context.annotation.ConfigurationClassBeanDefinitionReader.loadBeanDefinitionsForConfigurationClass(ConfigurationClassBeanDefinitionReader.java:153) ~[spring-context-5.3.28.jar:5.3.28]
	at org.springframework.context.annotation.ConfigurationClassBeanDefinitionReader.loadBeanDefinitions(ConfigurationClassBeanDefinitionReader.java:129) ~[spring-context-5.3.28.jar:5.3.28]
	at org.springframework.context.annotation.ConfigurationClassPostProcessor.processConfigBeanDefinitions(ConfigurationClassPostProcessor.java:343) ~[spring-context-5.3.28.jar:5.3.28]
	at org.springframework.context.annotation.ConfigurationClassPostProcessor.postProcessBeanDefinitionRegistry(ConfigurationClassPostProcessor.java:247) ~[spring-context-5.3.28.jar:5.3.28]
	at org.springframework.context.support.PostProcessorRegistrationDelegate.invokeBeanDefinitionRegistryPostProcessors(PostProcessorRegistrationDelegate.java:311) ~[spring-context-5.3.28.jar:5.3.28]
	at org.springframework.context.support.PostProcessorRegistrationDelegate.invokeBeanFactoryPostProcessors(PostProcessorRegistrationDelegate.java:112) ~[spring-context-5.3.28.jar:5.3.28]
	at org.springframework.context.support.AbstractApplicationContext.invokeBeanFactoryPostProcessors(AbstractApplicationContext.java:748) ~[spring-context-5.3.28.jar:5.3.28]
	at org.springframework.context.support.AbstractApplicationContext.refresh(AbstractApplicationContext.java:564) ~[spring-context-5.3.28.jar:5.3.28]
	at org.springframework.boot.web.servlet.context.ServletWebServerApplicationContext.refresh(ServletWebServerApplicationContext.java:147) ~[spring-boot-2.7.13.jar:2.7.13]
	at org.springframework.boot.SpringApplication.refresh(SpringApplication.java:731) ~[spring-boot-2.7.13.jar:2.7.13]
	at org.springframework.boot.SpringApplication.refreshContext(SpringApplication.java:408) ~[spring-boot-2.7.13.jar:2.7.13]
	at org.springframework.boot.SpringApplication.run(SpringApplication.java:307) ~[spring-boot-2.7.13.jar:2.7.13]
	at org.springframework.boot.SpringApplication.run(SpringApplication.java:1303) ~[spring-boot-2.7.13.jar:2.7.13]
	at org.springframework.boot.SpringApplication.run(SpringApplication.java:1292) ~[spring-boot-2.7.13.jar:2.7.13]
	at com.infosys.InfyGO.InfyGoApplication.main(InfyGoApplication.java:14) ~[classes/:na]
	at java.base/jdk.internal.reflect.NativeMethodAccessorImpl.invoke0(Native Method) ~[na:na]
	at java.base/jdk.internal.reflect.NativeMethodAccessorImpl.invoke(NativeMethodAccessorImpl.java:77) ~[na:na]
	at java.base/jdk.internal.reflect.DelegatingMethodAccessorImpl.invoke(DelegatingMethodAccessorImpl.java:43) ~[na:na]
	at java.base/java.lang.reflect.Method.invoke(Method.java:568) ~[na:na]
	at org.springframework.boot.devtools.restart.RestartLauncher.run(RestartLauncher.java:50) ~[spring-boot-devtools-2.7.13.jar:2.7.13]
Caused by: java.lang.IllegalStateException: Failed to introspect Class [com.infosys.InfyGO.config.SecurityConfig] from ClassLoader [org.springframework.boot.devtools.restart.classloader.RestartClassLoader@2578691c]
	at org.springframework.util.ReflectionUtils.getDeclaredMethods(ReflectionUtils.java:485) ~[spring-core-5.3.28.jar:5.3.28]
	at org.springframework.util.ReflectionUtils.doWithMethods(ReflectionUtils.java:361) ~[spring-core-5.3.28.jar:5.3.28]
	at org.springframework.util.ReflectionUtils.getUniqueDeclaredMethods(ReflectionUtils.java:418) ~[spring-core-5.3.28.jar:5.3.28]
	at org.springframework.beans.factory.support.AbstractAutowireCapableBeanFactory.lambda$getTypeForFactoryMethod$2(AbstractAutowireCapableBeanFactory.java:765) ~[spring-beans-5.3.28.jar:5.3.28]
	at java.base/java.util.concurrent.ConcurrentHashMap.computeIfAbsent(ConcurrentHashMap.java:1708) ~[na:na]
	at org.springframework.beans.factory.support.AbstractAutowireCapableBeanFactory.getTypeForFactoryMethod(AbstractAutowireCapableBeanFactory.java:764) ~[spring-beans-5.3.28.jar:5.3.28]
	at org.springframework.beans.factory.support.AbstractAutowireCapableBeanFactory.determineTargetType(AbstractAutowireCapableBeanFactory.java:703) ~[spring-beans-5.3.28.jar:5.3.28]
	at org.springframework.beans.factory.support.AbstractAutowireCapableBeanFactory.predictBeanType(AbstractAutowireCapableBeanFactory.java:674) ~[spring-beans-5.3.28.jar:5.3.28]
	at org.springframework.beans.factory.support.AbstractBeanFactory.isFactoryBean(AbstractBeanFactory.java:1684) ~[spring-beans-5.3.28.jar:5.3.28]
	at org.springframework.beans.factory.support.DefaultListableBeanFactory.doGetBeanNamesForType(DefaultListableBeanFactory.java:570) ~[spring-beans-5.3.28.jar:5.3.28]
	at org.springframework.beans.factory.support.DefaultListableBeanFactory.getBeanNamesForType(DefaultListableBeanFactory.java:542) ~[spring-beans-5.3.28.jar:5.3.28]
	at org.springframework.boot.autoconfigure.condition.OnBeanCondition.collectBeanNamesForType(OnBeanCondition.java:246) ~[spring-boot-autoconfigure-2.7.13.jar:2.7.13]
	at org.springframework.boot.autoconfigure.condition.OnBeanCondition.getBeanNamesForType(OnBeanCondition.java:239) ~[spring-boot-autoconfigure-2.7.13.jar:2.7.13]
	at org.springframework.boot.autoconfigure.condition.OnBeanCondition.getBeanNamesForType(OnBeanCondition.java:229) ~[spring-boot-autoconfigure-2.7.13.jar:2.7.13]
	at org.springframework.boot.autoconfigure.condition.OnBeanCondition.getMatchingBeans(OnBeanCondition.java:182) ~[spring-boot-autoconfigure-2.7.13.jar:2.7.13]
	at org.springframework.boot.autoconfigure.condition.OnBeanCondition.getMatchOutcome(OnBeanCondition.java:157) ~[spring-boot-autoconfigure-2.7.13.jar:2.7.13]
	at org.springframework.boot.autoconfigure.condition.SpringBootCondition.matches(SpringBootCondition.java:47) ~[spring-boot-autoconfigure-2.7.13.jar:2.7.13]
	... 22 common frames omitted
Caused by: java.lang.NoClassDefFoundError: HttpSecurity
	at java.base/java.lang.Class.getDeclaredMethods0(Native Method) ~[na:na]
	at java.base/java.lang.Class.privateGetDeclaredMethods(Class.java:3402) ~[na:na]
	at java.base/java.lang.Class.getDeclaredMethods(Class.java:2504) ~[na:na]
	at org.springframework.util.ReflectionUtils.getDeclaredMethods(ReflectionUtils.java:467) ~[spring-core-5.3.28.jar:5.3.28]
	... 38 common frames omitted
Caused by: java.lang.ClassNotFoundException: HttpSecurity
	at java.base/jdk.internal.loader.BuiltinClassLoader.loadClass(BuiltinClassLoader.java:641) ~[na:na]
	at java.base/jdk.internal.loader.ClassLoaders$AppClassLoader.loadClass(ClassLoaders.java:188) ~[na:na]
	at java.base/java.lang.ClassLoader.loadClass(ClassLoader.java:520) ~[na:na]
	at java.base/java.lang.Class.forName0(Native Method) ~[na:na]
	at java.base/java.lang.Class.forName(Class.java:467) ~[na:na]
	at org.springframework.boot.devtools.restart.classloader.RestartClassLoader.loadClass(RestartClassLoader.java:145) ~[spring-boot-devtools-2.7.13.jar:2.7.13]
	at java.base/java.lang.ClassLoader.loadClass(ClassLoader.java:520) ~[na:na]
	... 42 common frames omitted
2023-07-22 19:29:31  WARN [restartedMain] org.springframework.boot.SpringApplication [handleRunFailure] - Unable to close ApplicationContext
java.lang.IllegalStateException: Failed to introspect Class [com.infosys.InfyGO.config.SecurityConfig] from ClassLoader [org.springframework.boot.devtools.restart.classloader.RestartClassLoader@2578691c]
	at org.springframework.util.ReflectionUtils.getDeclaredMethods(ReflectionUtils.java:485) ~[spring-core-5.3.28.jar:5.3.28]
	at org.springframework.util.ReflectionUtils.doWithMethods(ReflectionUtils.java:361) ~[spring-core-5.3.28.jar:5.3.28]
	at org.springframework.util.ReflectionUtils.getUniqueDeclaredMethods(ReflectionUtils.java:418) ~[spring-core-5.3.28.jar:5.3.28]
	at org.springframework.beans.factory.support.AbstractAutowireCapableBeanFactory.lambda$getTypeForFactoryMethod$2(AbstractAutowireCapableBeanFactory.java:765) ~[spring-beans-5.3.28.jar:5.3.28]
	at java.base/java.util.concurrent.ConcurrentHashMap.computeIfAbsent(ConcurrentHashMap.java:1708) ~[na:na]
	at org.springframework.beans.factory.support.AbstractAutowireCapableBeanFactory.getTypeForFactoryMethod(AbstractAutowireCapableBeanFactory.java:764) ~[spring-beans-5.3.28.jar:5.3.28]
	at org.springframework.beans.factory.support.AbstractAutowireCapableBeanFactory.determineTargetType(AbstractAutowireCapableBeanFactory.java:703) ~[spring-beans-5.3.28.jar:5.3.28]
	at org.springframework.beans.factory.support.AbstractAutowireCapableBeanFactory.predictBeanType(AbstractAutowireCapableBeanFactory.java:674) ~[spring-beans-5.3.28.jar:5.3.28]
	at org.springframework.beans.factory.support.AbstractBeanFactory.isFactoryBean(AbstractBeanFactory.java:1684) ~[spring-beans-5.3.28.jar:5.3.28]
	at org.springframework.beans.factory.support.DefaultListableBeanFactory.doGetBeanNamesForType(DefaultListableBeanFactory.java:570) ~[spring-beans-5.3.28.jar:5.3.28]
	at org.springframework.beans.factory.support.DefaultListableBeanFactory.getBeanNamesForType(DefaultListableBeanFactory.java:542) ~[spring-beans-5.3.28.jar:5.3.28]
	at org.springframework.beans.factory.support.DefaultListableBeanFactory.getBeansOfType(DefaultListableBeanFactory.java:669) ~[spring-beans-5.3.28.jar:5.3.28]
	at org.springframework.beans.factory.support.DefaultListableBeanFactory.getBeansOfType(DefaultListableBeanFactory.java:661) ~[spring-beans-5.3.28.jar:5.3.28]
	at org.springframework.context.support.AbstractApplicationContext.getBeansOfType(AbstractApplicationContext.java:1302) ~[spring-context-5.3.28.jar:5.3.28]
	at org.springframework.boot.SpringApplication.getExitCodeFromMappedException(SpringApplication.java:864) ~[spring-boot-2.7.13.jar:2.7.13]
	at org.springframework.boot.SpringApplication.getExitCodeFromException(SpringApplication.java:852) ~[spring-boot-2.7.13.jar:2.7.13]
	at org.springframework.boot.SpringApplication.handleExitCode(SpringApplication.java:839) ~[spring-boot-2.7.13.jar:2.7.13]
	at org.springframework.boot.SpringApplication.handleRunFailure(SpringApplication.java:779) ~[spring-boot-2.7.13.jar:2.7.13]
	at org.springframework.boot.SpringApplication.run(SpringApplication.java:317) ~[spring-boot-2.7.13.jar:2.7.13]
	at org.springframework.boot.SpringApplication.run(SpringApplication.java:1303) ~[spring-boot-2.7.13.jar:2.7.13]
	at org.springframework.boot.SpringApplication.run(SpringApplication.java:1292) ~[spring-boot-2.7.13.jar:2.7.13]
	at com.infosys.InfyGO.InfyGoApplication.main(InfyGoApplication.java:14) ~[classes/:na]
	at java.base/jdk.internal.reflect.NativeMethodAccessorImpl.invoke0(Native Method) ~[na:na]
	at java.base/jdk.internal.reflect.NativeMethodAccessorImpl.invoke(NativeMethodAccessorImpl.java:77) ~[na:na]
	at java.base/jdk.internal.reflect.DelegatingMethodAccessorImpl.invoke(DelegatingMethodAccessorImpl.java:43) ~[na:na]
	at java.base/java.lang.reflect.Method.invoke(Method.java:568) ~[na:na]
	at org.springframework.boot.devtools.restart.RestartLauncher.run(RestartLauncher.java:50) ~[spring-boot-devtools-2.7.13.jar:2.7.13]
Caused by: java.lang.NoClassDefFoundError: HttpSecurity
	at java.base/java.lang.Class.getDeclaredMethods0(Native Method) ~[na:na]
	at java.base/java.lang.Class.privateGetDeclaredMethods(Class.java:3402) ~[na:na]
	at java.base/java.lang.Class.getDeclaredMethods(Class.java:2504) ~[na:na]
	at org.springframework.util.ReflectionUtils.getDeclaredMethods(ReflectionUtils.java:467) ~[spring-core-5.3.28.jar:5.3.28]
	... 26 common frames omitted
Caused by: java.lang.ClassNotFoundException: HttpSecurity
	at java.base/jdk.internal.loader.BuiltinClassLoader.loadClass(BuiltinClassLoader.java:641) ~[na:na]
	at java.base/jdk.internal.loader.ClassLoaders$AppClassLoader.loadClass(ClassLoaders.java:188) ~[na:na]
	at java.base/java.lang.ClassLoader.loadClass(ClassLoader.java:520) ~[na:na]
	at java.base/java.lang.Class.forName0(Native Method) ~[na:na]
	at java.base/java.lang.Class.forName(Class.java:467) ~[na:na]
	at org.springframework.boot.devtools.restart.classloader.RestartClassLoader.loadClass(RestartClassLoader.java:145) ~[spring-boot-devtools-2.7.13.jar:2.7.13]
	at java.base/java.lang.ClassLoader.loadClass(ClassLoader.java:520) ~[na:na]
	... 30 common frames omitted
2023-07-22 19:29:39  INFO [restartedMain] com.infosys.InfyGO.InfyGoApplication [logStarting] - Starting InfyGoApplication using Java 17.0.7 on Aquib with PID 20916 (C:\Users\aquib\OneDrive\Desktop\project\InfyGO\InfyGO backend\target\classes started by aquib in C:\Users\aquib\OneDrive\Desktop\project\InfyGO\InfyGO backend)
2023-07-22 19:29:39  INFO [restartedMain] com.infosys.InfyGO.InfyGoApplication [logStartupProfileInfo] - No active profile set, falling back to 1 default profile: "default"
2023-07-22 19:29:39  INFO [restartedMain] org.springframework.boot.devtools.env.DevToolsPropertyDefaultsPostProcessor [logTo] - Devtools property defaults active! Set 'spring.devtools.add-properties' to 'false' to disable
2023-07-22 19:29:39  INFO [restartedMain] org.springframework.boot.devtools.env.DevToolsPropertyDefaultsPostProcessor [logTo] - For additional web related logging consider setting the 'logging.level.web' property to 'DEBUG'
2023-07-22 19:29:40 ERROR [restartedMain] org.springframework.boot.SpringApplication [reportFailure] - Application run failed
java.lang.IllegalStateException: Error processing condition on org.springframework.boot.autoconfigure.context.PropertyPlaceholderAutoConfiguration.propertySourcesPlaceholderConfigurer
	at org.springframework.boot.autoconfigure.condition.SpringBootCondition.matches(SpringBootCondition.java:60)
	at org.springframework.context.annotation.ConditionEvaluator.shouldSkip(ConditionEvaluator.java:108)
	at org.springframework.context.annotation.ConfigurationClassBeanDefinitionReader.loadBeanDefinitionsForBeanMethod(ConfigurationClassBeanDefinitionReader.java:193)
	at org.springframework.context.annotation.ConfigurationClassBeanDefinitionReader.loadBeanDefinitionsForConfigurationClass(ConfigurationClassBeanDefinitionReader.java:153)
	at org.springframework.context.annotation.ConfigurationClassBeanDefinitionReader.loadBeanDefinitions(ConfigurationClassBeanDefinitionReader.java:129)
	at org.springframework.context.annotation.ConfigurationClassPostProcessor.processConfigBeanDefinitions(ConfigurationClassPostProcessor.java:343)
	at org.springframework.context.annotation.ConfigurationClassPostProcessor.postProcessBeanDefinitionRegistry(ConfigurationClassPostProcessor.java:247)
	at org.springframework.context.support.PostProcessorRegistrationDelegate.invokeBeanDefinitionRegistryPostProcessors(PostProcessorRegistrationDelegate.java:311)
	at org.springframework.context.support.PostProcessorRegistrationDelegate.invokeBeanFactoryPostProcessors(PostProcessorRegistrationDelegate.java:112)
	at org.springframework.context.support.AbstractApplicationContext.invokeBeanFactoryPostProcessors(AbstractApplicationContext.java:748)
	at org.springframework.context.support.AbstractApplicationContext.refresh(AbstractApplicationContext.java:564)
	at org.springframework.boot.web.servlet.context.ServletWebServerApplicationContext.refresh(ServletWebServerApplicationContext.java:147)
	at org.springframework.boot.SpringApplication.refresh(SpringApplication.java:731)
	at org.springframework.boot.SpringApplication.refreshContext(SpringApplication.java:408)
	at org.springframework.boot.SpringApplication.run(SpringApplication.java:307)
	at org.springframework.boot.SpringApplication.run(SpringApplication.java:1303)
	at org.springframework.boot.SpringApplication.run(SpringApplication.java:1292)
	at com.infosys.InfyGO.InfyGoApplication.main(InfyGoApplication.java:14)
	at java.base/jdk.internal.reflect.NativeMethodAccessorImpl.invoke0(Native Method)
	at java.base/jdk.internal.reflect.NativeMethodAccessorImpl.invoke(NativeMethodAccessorImpl.java:77)
	at java.base/jdk.internal.reflect.DelegatingMethodAccessorImpl.invoke(DelegatingMethodAccessorImpl.java:43)
	at java.base/java.lang.reflect.Method.invoke(Method.java:568)
	at org.springframework.boot.devtools.restart.RestartLauncher.run(RestartLauncher.java:50)
Caused by: java.lang.IllegalStateException: Failed to introspect Class [com.infosys.InfyGO.config.SecurityConfig] from ClassLoader [org.springframework.boot.devtools.restart.classloader.RestartClassLoader@2bf28c32]
	at org.springframework.util.ReflectionUtils.getDeclaredMethods(ReflectionUtils.java:485)
	at org.springframework.util.ReflectionUtils.doWithMethods(ReflectionUtils.java:361)
	at org.springframework.util.ReflectionUtils.getUniqueDeclaredMethods(ReflectionUtils.java:418)
	at org.springframework.beans.factory.support.AbstractAutowireCapableBeanFactory.lambda$getTypeForFactoryMethod$2(AbstractAutowireCapableBeanFactory.java:765)
	at java.base/java.util.concurrent.ConcurrentHashMap.computeIfAbsent(ConcurrentHashMap.java:1708)
	at org.springframework.beans.factory.support.AbstractAutowireCapableBeanFactory.getTypeForFactoryMethod(AbstractAutowireCapableBeanFactory.java:764)
	at org.springframework.beans.factory.support.AbstractAutowireCapableBeanFactory.determineTargetType(AbstractAutowireCapableBeanFactory.java:703)
	at org.springframework.beans.factory.support.AbstractAutowireCapableBeanFactory.predictBeanType(AbstractAutowireCapableBeanFactory.java:674)
	at org.springframework.beans.factory.support.AbstractBeanFactory.isFactoryBean(AbstractBeanFactory.java:1684)
	at org.springframework.beans.factory.support.DefaultListableBeanFactory.doGetBeanNamesForType(DefaultListableBeanFactory.java:570)
	at org.springframework.beans.factory.support.DefaultListableBeanFactory.getBeanNamesForType(DefaultListableBeanFactory.java:542)
	at org.springframework.boot.autoconfigure.condition.OnBeanCondition.collectBeanNamesForType(OnBeanCondition.java:246)
	at org.springframework.boot.autoconfigure.condition.OnBeanCondition.getBeanNamesForType(OnBeanCondition.java:239)
	at org.springframework.boot.autoconfigure.condition.OnBeanCondition.getBeanNamesForType(OnBeanCondition.java:229)
	at org.springframework.boot.autoconfigure.condition.OnBeanCondition.getMatchingBeans(OnBeanCondition.java:182)
	at org.springframework.boot.autoconfigure.condition.OnBeanCondition.getMatchOutcome(OnBeanCondition.java:157)
	at org.springframework.boot.autoconfigure.condition.SpringBootCondition.matches(SpringBootCondition.java:47)
	... 22 common frames omitted
Caused by: java.lang.NoClassDefFoundError: HttpSecurity
	at java.base/java.lang.Class.getDeclaredMethods0(Native Method)
	at java.base/java.lang.Class.privateGetDeclaredMethods(Class.java:3402)
	at java.base/java.lang.Class.getDeclaredMethods(Class.java:2504)
	at org.springframework.util.ReflectionUtils.getDeclaredMethods(ReflectionUtils.java:467)
	... 38 common frames omitted
Caused by: java.lang.ClassNotFoundException: HttpSecurity
	at java.base/jdk.internal.loader.BuiltinClassLoader.loadClass(BuiltinClassLoader.java:641)
	at java.base/jdk.internal.loader.ClassLoaders$AppClassLoader.loadClass(ClassLoaders.java:188)
	at java.base/java.lang.ClassLoader.loadClass(ClassLoader.java:520)
	at java.base/java.lang.Class.forName0(Native Method)
	at java.base/java.lang.Class.forName(Class.java:467)
	at org.springframework.boot.devtools.restart.classloader.RestartClassLoader.loadClass(RestartClassLoader.java:145)
	at java.base/java.lang.ClassLoader.loadClass(ClassLoader.java:520)
	... 42 common frames omitted
2023-07-22 19:29:40  WARN [restartedMain] org.springframework.boot.SpringApplication [handleRunFailure] - Unable to close ApplicationContext
java.lang.IllegalStateException: Failed to introspect Class [com.infosys.InfyGO.config.SecurityConfig] from ClassLoader [org.springframework.boot.devtools.restart.classloader.RestartClassLoader@2bf28c32]
	at org.springframework.util.ReflectionUtils.getDeclaredMethods(ReflectionUtils.java:485)
	at org.springframework.util.ReflectionUtils.doWithMethods(ReflectionUtils.java:361)
	at org.springframework.util.ReflectionUtils.getUniqueDeclaredMethods(ReflectionUtils.java:418)
	at org.springframework.beans.factory.support.AbstractAutowireCapableBeanFactory.lambda$getTypeForFactoryMethod$2(AbstractAutowireCapableBeanFactory.java:765)
	at java.base/java.util.concurrent.ConcurrentHashMap.computeIfAbsent(ConcurrentHashMap.java:1708)
	at org.springframework.beans.factory.support.AbstractAutowireCapableBeanFactory.getTypeForFactoryMethod(AbstractAutowireCapableBeanFactory.java:764)
	at org.springframework.beans.factory.support.AbstractAutowireCapableBeanFactory.determineTargetType(AbstractAutowireCapableBeanFactory.java:703)
	at org.springframework.beans.factory.support.AbstractAutowireCapableBeanFactory.predictBeanType(AbstractAutowireCapableBeanFactory.java:674)
	at org.springframework.beans.factory.support.AbstractBeanFactory.isFactoryBean(AbstractBeanFactory.java:1684)
	at org.springframework.beans.factory.support.DefaultListableBeanFactory.doGetBeanNamesForType(DefaultListableBeanFactory.java:570)
	at org.springframework.beans.factory.support.DefaultListableBeanFactory.getBeanNamesForType(DefaultListableBeanFactory.java:542)
	at org.springframework.beans.factory.support.DefaultListableBeanFactory.getBeansOfType(DefaultListableBeanFactory.java:669)
	at org.springframework.beans.factory.support.DefaultListableBeanFactory.getBeansOfType(DefaultListableBeanFactory.java:661)
	at org.springframework.context.support.AbstractApplicationContext.getBeansOfType(AbstractApplicationContext.java:1302)
	at org.springframework.boot.SpringApplication.getExitCodeFromMappedException(SpringApplication.java:864)
	at org.springframework.boot.SpringApplication.getExitCodeFromException(SpringApplication.java:852)
	at org.springframework.boot.SpringApplication.handleExitCode(SpringApplication.java:839)
	at org.springframework.boot.SpringApplication.handleRunFailure(SpringApplication.java:779)
	at org.springframework.boot.SpringApplication.run(SpringApplication.java:317)
	at org.springframework.boot.SpringApplication.run(SpringApplication.java:1303)
	at org.springframework.boot.SpringApplication.run(SpringApplication.java:1292)
	at com.infosys.InfyGO.InfyGoApplication.main(InfyGoApplication.java:14)
	at java.base/jdk.internal.reflect.NativeMethodAccessorImpl.invoke0(Native Method)
	at java.base/jdk.internal.reflect.NativeMethodAccessorImpl.invoke(NativeMethodAccessorImpl.java:77)
	at java.base/jdk.internal.reflect.DelegatingMethodAccessorImpl.invoke(DelegatingMethodAccessorImpl.java:43)
	at java.base/java.lang.reflect.Method.invoke(Method.java:568)
	at org.springframework.boot.devtools.restart.RestartLauncher.run(RestartLauncher.java:50)
Caused by: java.lang.NoClassDefFoundError: HttpSecurity
	at java.base/java.lang.Class.getDeclaredMethods0(Native Method)
	at java.base/java.lang.Class.privateGetDeclaredMethods(Class.java:3402)
	at java.base/java.lang.Class.getDeclaredMethods(Class.java:2504)
	at org.springframework.util.ReflectionUtils.getDeclaredMethods(ReflectionUtils.java:467)
	... 26 common frames omitted
Caused by: java.lang.ClassNotFoundException: HttpSecurity
	at java.base/jdk.internal.loader.BuiltinClassLoader.loadClass(BuiltinClassLoader.java:641)
	at java.base/jdk.internal.loader.ClassLoaders$AppClassLoader.loadClass(ClassLoaders.java:188)
	at java.base/java.lang.ClassLoader.loadClass(ClassLoader.java:520)
	at java.base/java.lang.Class.forName0(Native Method)
	at java.base/java.lang.Class.forName(Class.java:467)
	at org.springframework.boot.devtools.restart.classloader.RestartClassLoader.loadClass(RestartClassLoader.java:145)
	at java.base/java.lang.ClassLoader.loadClass(ClassLoader.java:520)
	... 30 common frames omitted
2023-07-22 19:30:11  INFO [restartedMain] com.infosys.InfyGO.InfyGoApplication [logStarting] - Starting InfyGoApplication using Java 17.0.7 on Aquib with PID 8616 (C:\Users\aquib\OneDrive\Desktop\project\InfyGO\InfyGO backend\target\classes started by aquib in C:\Users\aquib\OneDrive\Desktop\project\InfyGO\InfyGO backend)
2023-07-22 19:30:11  INFO [restartedMain] com.infosys.InfyGO.InfyGoApplication [logStartupProfileInfo] - No active profile set, falling back to 1 default profile: "default"
2023-07-22 19:30:11  INFO [restartedMain] org.springframework.boot.devtools.env.DevToolsPropertyDefaultsPostProcessor [logTo] - Devtools property defaults active! Set 'spring.devtools.add-properties' to 'false' to disable
2023-07-22 19:30:11  INFO [restartedMain] org.springframework.boot.devtools.env.DevToolsPropertyDefaultsPostProcessor [logTo] - For additional web related logging consider setting the 'logging.level.web' property to 'DEBUG'
2023-07-22 19:30:12  INFO [restartedMain] org.springframework.data.repository.config.RepositoryConfigurationDelegate [registerRepositoriesIn] - Bootstrapping Spring Data JPA repositories in DEFAULT mode.
2023-07-22 19:30:12  INFO [restartedMain] org.springframework.data.repository.config.RepositoryConfigurationDelegate [registerRepositoriesIn] - Finished Spring Data repository scanning in 90 ms. Found 2 JPA repository interfaces.
2023-07-22 19:30:14  INFO [restartedMain] org.springframework.boot.web.embedded.tomcat.TomcatWebServer [initialize] - Tomcat initialized with port(s): 8080 (http)
2023-07-22 19:30:14  INFO [restartedMain] org.apache.catalina.core.StandardService [log] - Starting service [Tomcat]
2023-07-22 19:30:14  INFO [restartedMain] org.apache.catalina.core.StandardEngine [log] - Starting Servlet engine: [Apache Tomcat/9.0.76]
2023-07-22 19:30:14  INFO [restartedMain] org.apache.catalina.core.ContainerBase.[Tomcat].[localhost].[/] [log] - Initializing Spring embedded WebApplicationContext
2023-07-22 19:30:14  INFO [restartedMain] org.springframework.boot.web.servlet.context.ServletWebServerApplicationContext [prepareWebApplicationContext] - Root WebApplicationContext: initialization completed in 2760 ms
2023-07-22 19:30:14  INFO [restartedMain] com.zaxxer.hikari.HikariDataSource [getConnection] - HikariPool-1 - Starting...
2023-07-22 19:30:15  INFO [restartedMain] com.zaxxer.hikari.HikariDataSource [getConnection] - HikariPool-1 - Start completed.
2023-07-22 19:30:15  INFO [restartedMain] org.hibernate.jpa.internal.util.LogHelper [logPersistenceUnitInformation] - HHH000204: Processing PersistenceUnitInfo [name: default]
2023-07-22 19:30:15  INFO [restartedMain] org.hibernate.Version [logVersion] - HHH000412: Hibernate ORM core version 5.6.15.Final
2023-07-22 19:30:15  INFO [restartedMain] org.hibernate.annotations.common.Version [<clinit>] - HCANN000001: Hibernate Commons Annotations {5.1.2.Final}
2023-07-22 19:30:15  INFO [restartedMain] org.hibernate.dialect.Dialect [<init>] - HHH000400: Using dialect: org.hibernate.dialect.MySQL8Dialect
2023-07-22 19:30:16  INFO [restartedMain] org.hibernate.engine.transaction.jta.platform.internal.JtaPlatformInitiator [initiateService] - HHH000490: Using JtaPlatform implementation: [org.hibernate.engine.transaction.jta.platform.internal.NoJtaPlatform]
2023-07-22 19:30:16  INFO [restartedMain] org.springframework.orm.jpa.LocalContainerEntityManagerFactoryBean [buildNativeEntityManagerFactory] - Initialized JPA EntityManagerFactory for persistence unit 'default'
2023-07-22 19:30:17  INFO [restartedMain] org.springframework.security.web.DefaultSecurityFilterChain [<init>] - Will secure any request with [org.springframework.security.web.session.DisableEncodeUrlFilter@31a93622, org.springframework.security.web.context.request.async.WebAsyncManagerIntegrationFilter@28b632f7, org.springframework.security.web.context.SecurityContextPersistenceFilter@5f04d821, org.springframework.security.web.header.HeaderWriterFilter@6daf8c0d, org.springframework.security.web.authentication.logout.LogoutFilter@7a77f787, com.infosys.InfyGO.config.JwtTokenFilter@5a0b90f1, org.springframework.security.web.savedrequest.RequestCacheAwareFilter@29380c93, org.springframework.security.web.servletapi.SecurityContextHolderAwareRequestFilter@77f9368f, org.springframework.security.web.authentication.AnonymousAuthenticationFilter@210c4a8d, org.springframework.security.web.session.SessionManagementFilter@7e60b338, org.springframework.security.web.access.ExceptionTranslationFilter@576ba26b, org.springframework.security.web.access.intercept.FilterSecurityInterceptor@7ef35062]
2023-07-22 19:30:17  WARN [restartedMain] org.springframework.boot.autoconfigure.orm.jpa.JpaBaseConfiguration$JpaWebConfiguration [openEntityManagerInViewInterceptor] - spring.jpa.open-in-view is enabled by default. Therefore, database queries may be performed during view rendering. Explicitly configure spring.jpa.open-in-view to disable this warning
2023-07-22 19:30:17  INFO [restartedMain] org.springframework.boot.devtools.autoconfigure.OptionalLiveReloadServer [startServer] - LiveReload server is running on port 35729
2023-07-22 19:30:17  INFO [restartedMain] org.springframework.boot.web.embedded.tomcat.TomcatWebServer [start] - Tomcat started on port(s): 8080 (http) with context path ''
2023-07-22 19:30:17  INFO [restartedMain] com.infosys.InfyGO.InfyGoApplication [logStarted] - Started InfyGoApplication in 7.445 seconds (JVM running for 8.162)
2023-07-22 19:30:24  INFO [http-nio-8080-exec-5] org.apache.catalina.core.ContainerBase.[Tomcat].[localhost].[/] [log] - Initializing Spring DispatcherServlet 'dispatcherServlet'
2023-07-22 19:30:24  INFO [http-nio-8080-exec-5] org.springframework.web.servlet.DispatcherServlet [initServletBean] - Initializing Servlet 'dispatcherServlet'
2023-07-22 19:30:24  INFO [http-nio-8080-exec-5] org.springframework.web.servlet.DispatcherServlet [initServletBean] - Completed initialization in 1 ms
2023-07-23 04:38:20  WARN [HikariPool-1 housekeeper] com.zaxxer.hikari.pool.HikariPool [run] - HikariPool-1 - Thread starvation or clock leap detected (housekeeper delta=8h53m37s67ms512µs).
2023-07-23 05:20:38  WARN [HikariPool-1 housekeeper] com.zaxxer.hikari.pool.HikariPool [run] - HikariPool-1 - Thread starvation or clock leap detected (housekeeper delta=9m48s479ms984µs100ns).
2023-07-23 05:48:06  WARN [HikariPool-1 housekeeper] com.zaxxer.hikari.pool.HikariPool [run] - HikariPool-1 - Thread starvation or clock leap detected (housekeeper delta=13m58s291ms279µs600ns).
2023-07-23 06:36:55  WARN [HikariPool-1 housekeeper] com.zaxxer.hikari.pool.HikariPool [run] - HikariPool-1 - Thread starvation or clock leap detected (housekeeper delta=4m48s737ms851µs800ns).
2023-07-23 06:49:20  WARN [HikariPool-1 housekeeper] com.zaxxer.hikari.pool.HikariPool [run] - HikariPool-1 - Thread starvation or clock leap detected (housekeeper delta=5m54s878ms405µs900ns).
2023-07-23 09:38:46  WARN [HikariPool-1 housekeeper] com.zaxxer.hikari.pool.HikariPool [run] - HikariPool-1 - Thread starvation or clock leap detected (housekeeper delta=2h5m55s754ms894µs700ns).
2023-07-23 11:46:11  WARN [HikariPool-1 housekeeper] com.zaxxer.hikari.pool.HikariPool [run] - HikariPool-1 - Thread starvation or clock leap detected (housekeeper delta=56m53s720ms263µs700ns).
2023-07-23 11:57:11  WARN [HikariPool-1 housekeeper] com.zaxxer.hikari.pool.HikariPool [run] - HikariPool-1 - Thread starvation or clock leap detected (housekeeper delta=6m29s958ms520µs900ns).
2023-07-23 12:41:40  WARN [HikariPool-1 housekeeper] com.zaxxer.hikari.pool.HikariPool [run] - HikariPool-1 - Thread starvation or clock leap detected (housekeeper delta=30m28s301ms522µs800ns).
2023-07-23 13:46:47  WARN [HikariPool-1 housekeeper] com.zaxxer.hikari.pool.HikariPool [run] - HikariPool-1 - Thread starvation or clock leap detected (housekeeper delta=4m6s710ms634µs200ns).
2023-07-23 17:09:45  WARN [HikariPool-1 housekeeper] com.zaxxer.hikari.pool.HikariPool [run] - HikariPool-1 - Thread starvation or clock leap detected (housekeeper delta=3h27s660ms869µs100ns).
2023-07-23 18:00:32  WARN [HikariPool-1 housekeeper] com.zaxxer.hikari.pool.HikariPool [run] - HikariPool-1 - Thread starvation or clock leap detected (housekeeper delta=50m48s990ms950µs900ns).
